{
  "stats": {
    "suites": 6,
    "tests": 23,
    "passes": 23,
    "pending": 0,
    "failures": 0,
    "start": "2026-01-14T17:17:36.412Z",
    "end": "2026-01-14T17:17:36.628Z",
    "duration": 216,
    "testsRegistered": 23,
    "passPercent": 100,
    "pendingPercent": 0,
    "other": 0,
    "hasOther": false,
    "skipped": 0,
    "hasSkipped": false
  },
  "results": [
    {
      "uuid": "c4331a18-7fe1-4e81-8d00-521f3673b1ea",
      "title": "",
      "fullFile": "/home/runner/work/sandbox.challenge/sandbox.challenge/test/wines.test.js",
      "file": "/test/wines.test.js",
      "beforeHooks": [],
      "afterHooks": [],
      "tests": [],
      "suites": [
        {
          "uuid": "e253803d-334c-4f05-9cec-24aff3e143f2",
          "title": "Wine API",
          "fullFile": "/home/runner/work/sandbox.challenge/sandbox.challenge/test/wines.test.js",
          "file": "/test/wines.test.js",
          "beforeHooks": [
            {
              "title": "\"before all\" hook in \"Wine API\"",
              "fullTitle": "Wine API \"before all\" hook in \"Wine API\"",
              "timedOut": false,
              "duration": 29,
              "state": null,
              "speed": null,
              "pass": false,
              "fail": false,
              "pending": false,
              "context": null,
              "code": "const mongoUri = process.env.MONGODB_URI || 'mongodb://localhost:27017/wines_test';\nawait mongoose.connect(mongoUri);\nserver = createServer();",
              "err": {},
              "uuid": "ac4dbb42-d800-4457-8113-e88d5df54078",
              "parentUUID": "e253803d-334c-4f05-9cec-24aff3e143f2",
              "isHook": true,
              "skipped": false
            },
            {
              "title": "\"before each\" hook in \"Wine API\"",
              "fullTitle": "Wine API \"before each\" hook in \"Wine API\"",
              "timedOut": false,
              "duration": 2,
              "state": null,
              "speed": null,
              "pass": false,
              "fail": false,
              "pending": false,
              "context": null,
              "code": "await Wine.deleteMany({});\nawait Counter.deleteMany({});",
              "err": {},
              "uuid": "a1bc3054-65bc-47b3-ba32-8d91ed57b9a2",
              "parentUUID": "e253803d-334c-4f05-9cec-24aff3e143f2",
              "isHook": true,
              "skipped": false
            }
          ],
          "afterHooks": [
            {
              "title": "\"after all\" hook in \"Wine API\"",
              "fullTitle": "Wine API \"after all\" hook in \"Wine API\"",
              "timedOut": false,
              "duration": 3,
              "state": null,
              "speed": null,
              "pass": false,
              "fail": false,
              "pending": false,
              "context": null,
              "code": "await mongoose.disconnect();",
              "err": {},
              "uuid": "ebabf739-7f9e-4bf5-a5d8-144f85a183e9",
              "parentUUID": "e253803d-334c-4f05-9cec-24aff3e143f2",
              "isHook": true,
              "skipped": false
            }
          ],
          "tests": [],
          "suites": [
            {
              "uuid": "15b2fc40-2ff1-4d84-a3dd-f0bee091013d",
              "title": "GET /wines/",
              "fullFile": "/home/runner/work/sandbox.challenge/sandbox.challenge/test/wines.test.js",
              "file": "/test/wines.test.js",
              "beforeHooks": [],
              "afterHooks": [],
              "tests": [
                {
                  "title": "should return empty array when no wines exist",
                  "fullTitle": "Wine API GET /wines/ should return empty array when no wines exist",
                  "timedOut": false,
                  "duration": 22,
                  "state": "passed",
                  "speed": "fast",
                  "pass": true,
                  "fail": false,
                  "pending": false,
                  "context": null,
                  "code": "const res = await request(server).get('/wines/');\nexpect(res.status).to.equal(200);\nexpect(res.body).to.be.an('array').that.is.empty;",
                  "err": {},
                  "uuid": "69961163-76d7-4f16-a9a2-4d9dfd9404a7",
                  "parentUUID": "15b2fc40-2ff1-4d84-a3dd-f0bee091013d",
                  "isHook": false,
                  "skipped": false
                },
                {
                  "title": "should return all wines",
                  "fullTitle": "Wine API GET /wines/ should return all wines",
                  "timedOut": false,
                  "duration": 15,
                  "state": "passed",
                  "speed": "fast",
                  "pass": true,
                  "fail": false,
                  "pending": false,
                  "context": null,
                  "code": "await Wine.create([\n  { id: 1, ...sampleWines[0] },\n  { id: 2, ...sampleWines[1] }\n]);\nconst res = await request(server).get('/wines/');\nexpect(res.status).to.equal(200);\nexpect(res.body).to.have.length(2);",
                  "err": {},
                  "uuid": "2820a0b1-a9ff-4ea9-a56e-6129f8ed7d67",
                  "parentUUID": "15b2fc40-2ff1-4d84-a3dd-f0bee091013d",
                  "isHook": false,
                  "skipped": false
                },
                {
                  "title": "should filter by year",
                  "fullTitle": "Wine API GET /wines/ should filter by year",
                  "timedOut": false,
                  "duration": 7,
                  "state": "passed",
                  "speed": "fast",
                  "pass": true,
                  "fail": false,
                  "pending": false,
                  "context": null,
                  "code": "await Wine.create([\n  { id: 1, ...sampleWines[0] },\n  { id: 2, ...sampleWines[1] }\n]);\nconst res = await request(server).get('/wines/').query({ year: 2011 });\nexpect(res.status).to.equal(200);\nexpect(res.body).to.have.length(1);\nexpect(res.body[0].name).to.equal('Pinot noir');",
                  "err": {},
                  "uuid": "24e62fe7-bef1-4d7f-b96c-34b6fd7debab",
                  "parentUUID": "15b2fc40-2ff1-4d84-a3dd-f0bee091013d",
                  "isHook": false,
                  "skipped": false
                },
                {
                  "title": "should filter by name (case-insensitive)",
                  "fullTitle": "Wine API GET /wines/ should filter by name (case-insensitive)",
                  "timedOut": false,
                  "duration": 6,
                  "state": "passed",
                  "speed": "fast",
                  "pass": true,
                  "fail": false,
                  "pending": false,
                  "context": null,
                  "code": "await Wine.create([\n  { id: 1, ...sampleWines[0] },\n  { id: 2, ...sampleWines[1] }\n]);\nconst res = await request(server).get('/wines/').query({ name: 'pinot' });\nexpect(res.status).to.equal(200);\nexpect(res.body).to.have.length(1);\nexpect(res.body[0].name).to.equal('Pinot noir');",
                  "err": {},
                  "uuid": "c085e8bb-5370-4944-993c-3ffc580d3ffc",
                  "parentUUID": "15b2fc40-2ff1-4d84-a3dd-f0bee091013d",
                  "isHook": false,
                  "skipped": false
                },
                {
                  "title": "should filter by type",
                  "fullTitle": "Wine API GET /wines/ should filter by type",
                  "timedOut": false,
                  "duration": 5,
                  "state": "passed",
                  "speed": "fast",
                  "pass": true,
                  "fail": false,
                  "pending": false,
                  "context": null,
                  "code": "await Wine.create([\n  { id: 1, ...sampleWines[0] },\n  { id: 2, ...sampleWines[2] }\n]);\nconst res = await request(server).get('/wines/').query({ type: 'white' });\nexpect(res.status).to.equal(200);\nexpect(res.body).to.have.length(1);\nexpect(res.body[0].name).to.equal('Chardonnay');",
                  "err": {},
                  "uuid": "f206ff29-a7d2-4075-8596-8b4b23238c5e",
                  "parentUUID": "15b2fc40-2ff1-4d84-a3dd-f0bee091013d",
                  "isHook": false,
                  "skipped": false
                },
                {
                  "title": "should filter by country",
                  "fullTitle": "Wine API GET /wines/ should filter by country",
                  "timedOut": false,
                  "duration": 6,
                  "state": "passed",
                  "speed": "fast",
                  "pass": true,
                  "fail": false,
                  "pending": false,
                  "context": null,
                  "code": "await Wine.create([\n  { id: 1, ...sampleWines[0] },\n  { id: 2, ...sampleWines[2] }\n]);\nconst res = await request(server).get('/wines/').query({ country: 'France' });\nexpect(res.status).to.equal(200);\nexpect(res.body).to.have.length(1);\nexpect(res.body[0].name).to.equal('Pinot noir');",
                  "err": {},
                  "uuid": "35057a75-4888-4776-83e2-87253cb44f12",
                  "parentUUID": "15b2fc40-2ff1-4d84-a3dd-f0bee091013d",
                  "isHook": false,
                  "skipped": false
                }
              ],
              "suites": [],
              "passes": [
                "69961163-76d7-4f16-a9a2-4d9dfd9404a7",
                "2820a0b1-a9ff-4ea9-a56e-6129f8ed7d67",
                "24e62fe7-bef1-4d7f-b96c-34b6fd7debab",
                "c085e8bb-5370-4944-993c-3ffc580d3ffc",
                "f206ff29-a7d2-4075-8596-8b4b23238c5e",
                "35057a75-4888-4776-83e2-87253cb44f12"
              ],
              "failures": [],
              "pending": [],
              "skipped": [],
              "duration": 61,
              "root": false,
              "rootEmpty": false,
              "_timeout": 10000
            },
            {
              "uuid": "2505570d-d843-4a81-a67f-a9502fd57a25",
              "title": "POST /wines/",
              "fullFile": "/home/runner/work/sandbox.challenge/sandbox.challenge/test/wines.test.js",
              "file": "/test/wines.test.js",
              "beforeHooks": [],
              "afterHooks": [],
              "tests": [
                {
                  "title": "should create a wine with valid data",
                  "fullTitle": "Wine API POST /wines/ should create a wine with valid data",
                  "timedOut": false,
                  "duration": 9,
                  "state": "passed",
                  "speed": "fast",
                  "pass": true,
                  "fail": false,
                  "pending": false,
                  "context": null,
                  "code": "const res = await request(server)\n  .post('/wines/')\n  .send(sampleWines[0]);\nexpect(res.status).to.equal(200);\nexpect(res.body.id).to.equal(1);\nexpect(res.body.name).to.equal('Pinot noir');\nexpect(res.body.year).to.equal(2011);\nexpect(res.body.country).to.equal('France');\nexpect(res.body.type).to.equal('red');",
                  "err": {},
                  "uuid": "408dd716-19a4-43ab-bd91-8299e527133d",
                  "parentUUID": "2505570d-d843-4a81-a67f-a9502fd57a25",
                  "isHook": false,
                  "skipped": false
                },
                {
                  "title": "should auto-increment IDs",
                  "fullTitle": "Wine API POST /wines/ should auto-increment IDs",
                  "timedOut": false,
                  "duration": 8,
                  "state": "passed",
                  "speed": "fast",
                  "pass": true,
                  "fail": false,
                  "pending": false,
                  "context": null,
                  "code": "await request(server).post('/wines/').send(sampleWines[0]);\nconst res = await request(server).post('/wines/').send(sampleWines[1]);\nexpect(res.body.id).to.equal(2);",
                  "err": {},
                  "uuid": "7671c159-dc38-48cf-bd10-e27e34ef79a7",
                  "parentUUID": "2505570d-d843-4a81-a67f-a9502fd57a25",
                  "isHook": false,
                  "skipped": false
                },
                {
                  "title": "should return validation error for missing name",
                  "fullTitle": "Wine API POST /wines/ should return validation error for missing name",
                  "timedOut": false,
                  "duration": 2,
                  "state": "passed",
                  "speed": "fast",
                  "pass": true,
                  "fail": false,
                  "pending": false,
                  "context": null,
                  "code": "const res = await request(server)\n  .post('/wines/')\n  .send({ year: 2011, country: 'France', type: 'red' });\nexpect(res.status).to.equal(400);\nexpect(res.body.error).to.equal('VALIDATION_ERROR');\nexpect(res.body.validation.name).to.equal('MISSING');",
                  "err": {},
                  "uuid": "1dafbe9f-99e4-42fd-b7c0-ec27edcff610",
                  "parentUUID": "2505570d-d843-4a81-a67f-a9502fd57a25",
                  "isHook": false,
                  "skipped": false
                },
                {
                  "title": "should return validation error for missing year",
                  "fullTitle": "Wine API POST /wines/ should return validation error for missing year",
                  "timedOut": false,
                  "duration": 2,
                  "state": "passed",
                  "speed": "fast",
                  "pass": true,
                  "fail": false,
                  "pending": false,
                  "context": null,
                  "code": "const res = await request(server)\n  .post('/wines/')\n  .send({ name: 'Test', country: 'France', type: 'red' });\nexpect(res.status).to.equal(400);\nexpect(res.body.error).to.equal('VALIDATION_ERROR');\nexpect(res.body.validation.year).to.equal('MISSING');",
                  "err": {},
                  "uuid": "f096b372-e0cf-4bec-a56a-aa1bdb5ab08f",
                  "parentUUID": "2505570d-d843-4a81-a67f-a9502fd57a25",
                  "isHook": false,
                  "skipped": false
                },
                {
                  "title": "should return validation error for invalid year",
                  "fullTitle": "Wine API POST /wines/ should return validation error for invalid year",
                  "timedOut": false,
                  "duration": 2,
                  "state": "passed",
                  "speed": "fast",
                  "pass": true,
                  "fail": false,
                  "pending": false,
                  "context": null,
                  "code": "const res = await request(server)\n  .post('/wines/')\n  .send({ name: 'Test', year: 'invalid', country: 'France', type: 'red' });\nexpect(res.status).to.equal(400);\nexpect(res.body.error).to.equal('VALIDATION_ERROR');\nexpect(res.body.validation.year).to.equal('INVALID');",
                  "err": {},
                  "uuid": "300768d7-334d-4196-91d0-e5b9a4593108",
                  "parentUUID": "2505570d-d843-4a81-a67f-a9502fd57a25",
                  "isHook": false,
                  "skipped": false
                },
                {
                  "title": "should return validation error for missing country",
                  "fullTitle": "Wine API POST /wines/ should return validation error for missing country",
                  "timedOut": false,
                  "duration": 1,
                  "state": "passed",
                  "speed": "fast",
                  "pass": true,
                  "fail": false,
                  "pending": false,
                  "context": null,
                  "code": "const res = await request(server)\n  .post('/wines/')\n  .send({ name: 'Test', year: 2011, type: 'red' });\nexpect(res.status).to.equal(400);\nexpect(res.body.error).to.equal('VALIDATION_ERROR');\nexpect(res.body.validation.country).to.equal('MISSING');",
                  "err": {},
                  "uuid": "1f5dfbee-9f39-4ebb-9f20-60e6cfa73263",
                  "parentUUID": "2505570d-d843-4a81-a67f-a9502fd57a25",
                  "isHook": false,
                  "skipped": false
                },
                {
                  "title": "should return validation error for missing type",
                  "fullTitle": "Wine API POST /wines/ should return validation error for missing type",
                  "timedOut": false,
                  "duration": 2,
                  "state": "passed",
                  "speed": "fast",
                  "pass": true,
                  "fail": false,
                  "pending": false,
                  "context": null,
                  "code": "const res = await request(server)\n  .post('/wines/')\n  .send({ name: 'Test', year: 2011, country: 'France' });\nexpect(res.status).to.equal(400);\nexpect(res.body.error).to.equal('VALIDATION_ERROR');\nexpect(res.body.validation.type).to.equal('MISSING');",
                  "err": {},
                  "uuid": "7b3f6962-8d32-4875-a661-f45690cb54af",
                  "parentUUID": "2505570d-d843-4a81-a67f-a9502fd57a25",
                  "isHook": false,
                  "skipped": false
                },
                {
                  "title": "should return validation error for invalid type",
                  "fullTitle": "Wine API POST /wines/ should return validation error for invalid type",
                  "timedOut": false,
                  "duration": 2,
                  "state": "passed",
                  "speed": "fast",
                  "pass": true,
                  "fail": false,
                  "pending": false,
                  "context": null,
                  "code": "const res = await request(server)\n  .post('/wines/')\n  .send({ name: 'Test', year: 2011, country: 'France', type: 'sparkling' });\nexpect(res.status).to.equal(400);\nexpect(res.body.error).to.equal('VALIDATION_ERROR');\nexpect(res.body.validation.type).to.equal('INVALID');",
                  "err": {},
                  "uuid": "0bbb27f3-6050-436e-8785-c92e8e636dbf",
                  "parentUUID": "2505570d-d843-4a81-a67f-a9502fd57a25",
                  "isHook": false,
                  "skipped": false
                },
                {
                  "title": "should return multiple validation errors",
                  "fullTitle": "Wine API POST /wines/ should return multiple validation errors",
                  "timedOut": false,
                  "duration": 1,
                  "state": "passed",
                  "speed": "fast",
                  "pass": true,
                  "fail": false,
                  "pending": false,
                  "context": null,
                  "code": "const res = await request(server)\n  .post('/wines/')\n  .send({ year: 'invalid' });\nexpect(res.status).to.equal(400);\nexpect(res.body.error).to.equal('VALIDATION_ERROR');\nexpect(res.body.validation.name).to.equal('MISSING');\nexpect(res.body.validation.year).to.equal('INVALID');\nexpect(res.body.validation.country).to.equal('MISSING');\nexpect(res.body.validation.type).to.equal('MISSING');",
                  "err": {},
                  "uuid": "d537bba5-e7ba-464b-a0fe-774771956464",
                  "parentUUID": "2505570d-d843-4a81-a67f-a9502fd57a25",
                  "isHook": false,
                  "skipped": false
                }
              ],
              "suites": [],
              "passes": [
                "408dd716-19a4-43ab-bd91-8299e527133d",
                "7671c159-dc38-48cf-bd10-e27e34ef79a7",
                "1dafbe9f-99e4-42fd-b7c0-ec27edcff610",
                "f096b372-e0cf-4bec-a56a-aa1bdb5ab08f",
                "300768d7-334d-4196-91d0-e5b9a4593108",
                "1f5dfbee-9f39-4ebb-9f20-60e6cfa73263",
                "7b3f6962-8d32-4875-a661-f45690cb54af",
                "0bbb27f3-6050-436e-8785-c92e8e636dbf",
                "d537bba5-e7ba-464b-a0fe-774771956464"
              ],
              "failures": [],
              "pending": [],
              "skipped": [],
              "duration": 29,
              "root": false,
              "rootEmpty": false,
              "_timeout": 10000
            },
            {
              "uuid": "91da7e82-92c7-4200-9a77-319c141f0e8e",
              "title": "GET /wines/:id",
              "fullFile": "/home/runner/work/sandbox.challenge/sandbox.challenge/test/wines.test.js",
              "file": "/test/wines.test.js",
              "beforeHooks": [],
              "afterHooks": [],
              "tests": [
                {
                  "title": "should return wine by id",
                  "fullTitle": "Wine API GET /wines/:id should return wine by id",
                  "timedOut": false,
                  "duration": 5,
                  "state": "passed",
                  "speed": "fast",
                  "pass": true,
                  "fail": false,
                  "pending": false,
                  "context": null,
                  "code": "await Wine.create({ id: 1, ...sampleWines[0] });\nconst res = await request(server).get('/wines/1');\nexpect(res.status).to.equal(200);\nexpect(res.body.id).to.equal(1);\nexpect(res.body.name).to.equal('Pinot noir');",
                  "err": {},
                  "uuid": "7c76db56-2083-40b9-99fe-645202caddd5",
                  "parentUUID": "91da7e82-92c7-4200-9a77-319c141f0e8e",
                  "isHook": false,
                  "skipped": false
                },
                {
                  "title": "should return UNKNOWN_OBJECT for non-existent id",
                  "fullTitle": "Wine API GET /wines/:id should return UNKNOWN_OBJECT for non-existent id",
                  "timedOut": false,
                  "duration": 3,
                  "state": "passed",
                  "speed": "fast",
                  "pass": true,
                  "fail": false,
                  "pending": false,
                  "context": null,
                  "code": "const res = await request(server).get('/wines/999');\nexpect(res.status).to.equal(400);\nexpect(res.body.error).to.equal('UNKNOWN_OBJECT');",
                  "err": {},
                  "uuid": "8b8d974d-0eb8-4210-ae4e-7cf1260f95d9",
                  "parentUUID": "91da7e82-92c7-4200-9a77-319c141f0e8e",
                  "isHook": false,
                  "skipped": false
                }
              ],
              "suites": [],
              "passes": [
                "7c76db56-2083-40b9-99fe-645202caddd5",
                "8b8d974d-0eb8-4210-ae4e-7cf1260f95d9"
              ],
              "failures": [],
              "pending": [],
              "skipped": [],
              "duration": 8,
              "root": false,
              "rootEmpty": false,
              "_timeout": 10000
            },
            {
              "uuid": "10683349-0cba-404b-989a-8167b379ad85",
              "title": "PUT /wines/:id",
              "fullFile": "/home/runner/work/sandbox.challenge/sandbox.challenge/test/wines.test.js",
              "file": "/test/wines.test.js",
              "beforeHooks": [],
              "afterHooks": [],
              "tests": [
                {
                  "title": "should update wine",
                  "fullTitle": "Wine API PUT /wines/:id should update wine",
                  "timedOut": false,
                  "duration": 5,
                  "state": "passed",
                  "speed": "fast",
                  "pass": true,
                  "fail": false,
                  "pending": false,
                  "context": null,
                  "code": "await Wine.create({ id: 1, ...sampleWines[0] });\nconst res = await request(server)\n  .put('/wines/1')\n  .send({ description: 'Updated description' });\nexpect(res.status).to.equal(200);\nexpect(res.body.id).to.equal(1);\nexpect(res.body.description).to.equal('Updated description');",
                  "err": {},
                  "uuid": "bdaa5859-88fc-4b65-a5dd-ea2d3b884017",
                  "parentUUID": "10683349-0cba-404b-989a-8167b379ad85",
                  "isHook": false,
                  "skipped": false
                },
                {
                  "title": "should update multiple fields",
                  "fullTitle": "Wine API PUT /wines/:id should update multiple fields",
                  "timedOut": false,
                  "duration": 4,
                  "state": "passed",
                  "speed": "fast",
                  "pass": true,
                  "fail": false,
                  "pending": false,
                  "context": null,
                  "code": "await Wine.create({ id: 1, ...sampleWines[0] });\nconst res = await request(server)\n  .put('/wines/1')\n  .send({ year: 2012, country: 'Italy' });\nexpect(res.status).to.equal(200);\nexpect(res.body.year).to.equal(2012);\nexpect(res.body.country).to.equal('Italy');",
                  "err": {},
                  "uuid": "a5b9f1d5-bd07-4b6c-a4d9-05bcbc744323",
                  "parentUUID": "10683349-0cba-404b-989a-8167b379ad85",
                  "isHook": false,
                  "skipped": false
                },
                {
                  "title": "should return UNKNOWN_OBJECT for non-existent id",
                  "fullTitle": "Wine API PUT /wines/:id should return UNKNOWN_OBJECT for non-existent id",
                  "timedOut": false,
                  "duration": 3,
                  "state": "passed",
                  "speed": "fast",
                  "pass": true,
                  "fail": false,
                  "pending": false,
                  "context": null,
                  "code": "const res = await request(server)\n  .put('/wines/999')\n  .send({ description: 'Test' });\nexpect(res.status).to.equal(400);\nexpect(res.body.error).to.equal('UNKNOWN_OBJECT');",
                  "err": {},
                  "uuid": "c5fafcb1-b09b-4b0b-aac8-428197c89329",
                  "parentUUID": "10683349-0cba-404b-989a-8167b379ad85",
                  "isHook": false,
                  "skipped": false
                },
                {
                  "title": "should validate updated fields",
                  "fullTitle": "Wine API PUT /wines/:id should validate updated fields",
                  "timedOut": false,
                  "duration": 4,
                  "state": "passed",
                  "speed": "fast",
                  "pass": true,
                  "fail": false,
                  "pending": false,
                  "context": null,
                  "code": "await Wine.create({ id: 1, ...sampleWines[0] });\nconst res = await request(server)\n  .put('/wines/1')\n  .send({ type: 'sparkling' });\nexpect(res.status).to.equal(400);\nexpect(res.body.error).to.equal('VALIDATION_ERROR');\nexpect(res.body.validation.type).to.equal('INVALID');",
                  "err": {},
                  "uuid": "b506432a-c0aa-4cb1-bd79-a1b52b59c758",
                  "parentUUID": "10683349-0cba-404b-989a-8167b379ad85",
                  "isHook": false,
                  "skipped": false
                }
              ],
              "suites": [],
              "passes": [
                "bdaa5859-88fc-4b65-a5dd-ea2d3b884017",
                "a5b9f1d5-bd07-4b6c-a4d9-05bcbc744323",
                "c5fafcb1-b09b-4b0b-aac8-428197c89329",
                "b506432a-c0aa-4cb1-bd79-a1b52b59c758"
              ],
              "failures": [],
              "pending": [],
              "skipped": [],
              "duration": 16,
              "root": false,
              "rootEmpty": false,
              "_timeout": 10000
            },
            {
              "uuid": "12d630ed-faee-49d3-8e7f-8508daf80989",
              "title": "DELETE /wines/:id",
              "fullFile": "/home/runner/work/sandbox.challenge/sandbox.challenge/test/wines.test.js",
              "file": "/test/wines.test.js",
              "beforeHooks": [],
              "afterHooks": [],
              "tests": [
                {
                  "title": "should delete wine",
                  "fullTitle": "Wine API DELETE /wines/:id should delete wine",
                  "timedOut": false,
                  "duration": 5,
                  "state": "passed",
                  "speed": "fast",
                  "pass": true,
                  "fail": false,
                  "pending": false,
                  "context": null,
                  "code": "await Wine.create({ id: 1, ...sampleWines[0] });\nconst res = await request(server).delete('/wines/1');\nexpect(res.status).to.equal(200);\nexpect(res.body.success).to.equal(true);\nconst wine = await Wine.findOne({ id: 1 });\nexpect(wine).to.be.null;",
                  "err": {},
                  "uuid": "76447460-5ff1-432a-9272-0339d4161c09",
                  "parentUUID": "12d630ed-faee-49d3-8e7f-8508daf80989",
                  "isHook": false,
                  "skipped": false
                },
                {
                  "title": "should return UNKNOWN_OBJECT for non-existent id",
                  "fullTitle": "Wine API DELETE /wines/:id should return UNKNOWN_OBJECT for non-existent id",
                  "timedOut": false,
                  "duration": 2,
                  "state": "passed",
                  "speed": "fast",
                  "pass": true,
                  "fail": false,
                  "pending": false,
                  "context": null,
                  "code": "const res = await request(server).delete('/wines/999');\nexpect(res.status).to.equal(400);\nexpect(res.body.error).to.equal('UNKNOWN_OBJECT');",
                  "err": {},
                  "uuid": "c157b72d-ef01-4e9a-b498-b8bb87de4244",
                  "parentUUID": "12d630ed-faee-49d3-8e7f-8508daf80989",
                  "isHook": false,
                  "skipped": false
                }
              ],
              "suites": [],
              "passes": [
                "76447460-5ff1-432a-9272-0339d4161c09",
                "c157b72d-ef01-4e9a-b498-b8bb87de4244"
              ],
              "failures": [],
              "pending": [],
              "skipped": [],
              "duration": 7,
              "root": false,
              "rootEmpty": false,
              "_timeout": 10000
            }
          ],
          "passes": [],
          "failures": [],
          "pending": [],
          "skipped": [],
          "duration": 0,
          "root": false,
          "rootEmpty": false,
          "_timeout": 10000
        }
      ],
      "passes": [],
      "failures": [],
      "pending": [],
      "skipped": [],
      "duration": 0,
      "root": true,
      "rootEmpty": true,
      "_timeout": 10000
    }
  ],
  "meta": {
    "mocha": {
      "version": "10.8.2"
    },
    "mochawesome": {
      "options": {
        "quiet": false,
        "reportFilename": "test-report",
        "saveHtml": true,
        "saveJson": true,
        "consoleReporter": "spec",
        "useInlineDiffs": false,
        "code": true
      },
      "version": "7.1.4"
    },
    "marge": {
      "options": {
        "reportDir": "docs/test",
        "reportFilename": "test-report"
      },
      "version": "6.3.2"
    }
  }
}