{
  "stats": {
    "suites": 6,
    "tests": 23,
    "passes": 23,
    "pending": 0,
    "failures": 0,
    "start": "2026-01-14T17:30:21.398Z",
    "end": "2026-01-14T17:30:21.604Z",
    "duration": 206,
    "testsRegistered": 23,
    "passPercent": 100,
    "pendingPercent": 0,
    "other": 0,
    "hasOther": false,
    "skipped": 0,
    "hasSkipped": false
  },
  "results": [
    {
      "uuid": "178a96dd-bf0b-48c7-9d95-f5c546548dfc",
      "title": "",
      "fullFile": "/home/runner/work/sandbox.challenge/sandbox.challenge/test/wines.test.js",
      "file": "/test/wines.test.js",
      "beforeHooks": [],
      "afterHooks": [],
      "tests": [],
      "suites": [
        {
          "uuid": "842c70eb-407f-4123-8880-aafdaf1700ff",
          "title": "Wine API",
          "fullFile": "/home/runner/work/sandbox.challenge/sandbox.challenge/test/wines.test.js",
          "file": "/test/wines.test.js",
          "beforeHooks": [
            {
              "title": "\"before all\" hook in \"Wine API\"",
              "fullTitle": "Wine API \"before all\" hook in \"Wine API\"",
              "timedOut": false,
              "duration": 27,
              "state": null,
              "speed": null,
              "pass": false,
              "fail": false,
              "pending": false,
              "context": null,
              "code": "const mongoUri = process.env.MONGODB_URI || 'mongodb://localhost:27017/wines_test';\nawait mongoose.connect(mongoUri);\nserver = createServer();",
              "err": {},
              "uuid": "063d3391-9b26-4937-ba8e-b5d3073ef357",
              "parentUUID": "842c70eb-407f-4123-8880-aafdaf1700ff",
              "isHook": true,
              "skipped": false
            },
            {
              "title": "\"before each\" hook in \"Wine API\"",
              "fullTitle": "Wine API \"before each\" hook in \"Wine API\"",
              "timedOut": false,
              "duration": 2,
              "state": null,
              "speed": null,
              "pass": false,
              "fail": false,
              "pending": false,
              "context": null,
              "code": "await Wine.deleteMany({});\nawait Counter.deleteMany({});",
              "err": {},
              "uuid": "dcc20eec-ff80-44ef-b732-e92796f0df40",
              "parentUUID": "842c70eb-407f-4123-8880-aafdaf1700ff",
              "isHook": true,
              "skipped": false
            }
          ],
          "afterHooks": [
            {
              "title": "\"after all\" hook in \"Wine API\"",
              "fullTitle": "Wine API \"after all\" hook in \"Wine API\"",
              "timedOut": false,
              "duration": 4,
              "state": null,
              "speed": null,
              "pass": false,
              "fail": false,
              "pending": false,
              "context": null,
              "code": "await mongoose.disconnect();",
              "err": {},
              "uuid": "bf28b76e-f239-4478-80e4-5554a4b71233",
              "parentUUID": "842c70eb-407f-4123-8880-aafdaf1700ff",
              "isHook": true,
              "skipped": false
            }
          ],
          "tests": [],
          "suites": [
            {
              "uuid": "e4685e24-9d59-482b-bf0f-3b466081a91f",
              "title": "GET /wines/",
              "fullFile": "/home/runner/work/sandbox.challenge/sandbox.challenge/test/wines.test.js",
              "file": "/test/wines.test.js",
              "beforeHooks": [],
              "afterHooks": [],
              "tests": [
                {
                  "title": "should return empty array when no wines exist",
                  "fullTitle": "Wine API GET /wines/ should return empty array when no wines exist",
                  "timedOut": false,
                  "duration": 18,
                  "state": "passed",
                  "speed": "fast",
                  "pass": true,
                  "fail": false,
                  "pending": false,
                  "context": null,
                  "code": "const res = await request(server).get('/wines/');\nexpect(res.status).to.equal(200);\nexpect(res.body).to.be.an('array').that.is.empty;",
                  "err": {},
                  "uuid": "c324df71-dfeb-443c-bc66-acae0a83a2d6",
                  "parentUUID": "e4685e24-9d59-482b-bf0f-3b466081a91f",
                  "isHook": false,
                  "skipped": false
                },
                {
                  "title": "should return all wines",
                  "fullTitle": "Wine API GET /wines/ should return all wines",
                  "timedOut": false,
                  "duration": 15,
                  "state": "passed",
                  "speed": "fast",
                  "pass": true,
                  "fail": false,
                  "pending": false,
                  "context": null,
                  "code": "await Wine.create([\n  { id: 1, ...sampleWines[0] },\n  { id: 2, ...sampleWines[1] }\n]);\nconst res = await request(server).get('/wines/');\nexpect(res.status).to.equal(200);\nexpect(res.body).to.have.length(2);",
                  "err": {},
                  "uuid": "c48f5dff-a05d-4a0d-81bf-29f87f04a220",
                  "parentUUID": "e4685e24-9d59-482b-bf0f-3b466081a91f",
                  "isHook": false,
                  "skipped": false
                },
                {
                  "title": "should filter by year",
                  "fullTitle": "Wine API GET /wines/ should filter by year",
                  "timedOut": false,
                  "duration": 7,
                  "state": "passed",
                  "speed": "fast",
                  "pass": true,
                  "fail": false,
                  "pending": false,
                  "context": null,
                  "code": "await Wine.create([\n  { id: 1, ...sampleWines[0] },\n  { id: 2, ...sampleWines[1] }\n]);\nconst res = await request(server).get('/wines/').query({ year: 2011 });\nexpect(res.status).to.equal(200);\nexpect(res.body).to.have.length(1);\nexpect(res.body[0].name).to.equal('Pinot noir');",
                  "err": {},
                  "uuid": "58a042c3-54b0-4b79-a57e-febc8386daaa",
                  "parentUUID": "e4685e24-9d59-482b-bf0f-3b466081a91f",
                  "isHook": false,
                  "skipped": false
                },
                {
                  "title": "should filter by name (case-insensitive)",
                  "fullTitle": "Wine API GET /wines/ should filter by name (case-insensitive)",
                  "timedOut": false,
                  "duration": 6,
                  "state": "passed",
                  "speed": "fast",
                  "pass": true,
                  "fail": false,
                  "pending": false,
                  "context": null,
                  "code": "await Wine.create([\n  { id: 1, ...sampleWines[0] },\n  { id: 2, ...sampleWines[1] }\n]);\nconst res = await request(server).get('/wines/').query({ name: 'pinot' });\nexpect(res.status).to.equal(200);\nexpect(res.body).to.have.length(1);\nexpect(res.body[0].name).to.equal('Pinot noir');",
                  "err": {},
                  "uuid": "834ceb5e-2a24-410c-8962-e81e29187056",
                  "parentUUID": "e4685e24-9d59-482b-bf0f-3b466081a91f",
                  "isHook": false,
                  "skipped": false
                },
                {
                  "title": "should filter by type",
                  "fullTitle": "Wine API GET /wines/ should filter by type",
                  "timedOut": false,
                  "duration": 5,
                  "state": "passed",
                  "speed": "fast",
                  "pass": true,
                  "fail": false,
                  "pending": false,
                  "context": null,
                  "code": "await Wine.create([\n  { id: 1, ...sampleWines[0] },\n  { id: 2, ...sampleWines[2] }\n]);\nconst res = await request(server).get('/wines/').query({ type: 'white' });\nexpect(res.status).to.equal(200);\nexpect(res.body).to.have.length(1);\nexpect(res.body[0].name).to.equal('Chardonnay');",
                  "err": {},
                  "uuid": "2a2cd175-63ae-49e0-93e0-bd0aa9ec017b",
                  "parentUUID": "e4685e24-9d59-482b-bf0f-3b466081a91f",
                  "isHook": false,
                  "skipped": false
                },
                {
                  "title": "should filter by country",
                  "fullTitle": "Wine API GET /wines/ should filter by country",
                  "timedOut": false,
                  "duration": 5,
                  "state": "passed",
                  "speed": "fast",
                  "pass": true,
                  "fail": false,
                  "pending": false,
                  "context": null,
                  "code": "await Wine.create([\n  { id: 1, ...sampleWines[0] },\n  { id: 2, ...sampleWines[2] }\n]);\nconst res = await request(server).get('/wines/').query({ country: 'France' });\nexpect(res.status).to.equal(200);\nexpect(res.body).to.have.length(1);\nexpect(res.body[0].name).to.equal('Pinot noir');",
                  "err": {},
                  "uuid": "3c968d4b-7234-4ccd-aec3-b8ece3523749",
                  "parentUUID": "e4685e24-9d59-482b-bf0f-3b466081a91f",
                  "isHook": false,
                  "skipped": false
                }
              ],
              "suites": [],
              "passes": [
                "c324df71-dfeb-443c-bc66-acae0a83a2d6",
                "c48f5dff-a05d-4a0d-81bf-29f87f04a220",
                "58a042c3-54b0-4b79-a57e-febc8386daaa",
                "834ceb5e-2a24-410c-8962-e81e29187056",
                "2a2cd175-63ae-49e0-93e0-bd0aa9ec017b",
                "3c968d4b-7234-4ccd-aec3-b8ece3523749"
              ],
              "failures": [],
              "pending": [],
              "skipped": [],
              "duration": 56,
              "root": false,
              "rootEmpty": false,
              "_timeout": 10000
            },
            {
              "uuid": "8c761145-6622-4d49-9a65-970999a9e106",
              "title": "POST /wines/",
              "fullFile": "/home/runner/work/sandbox.challenge/sandbox.challenge/test/wines.test.js",
              "file": "/test/wines.test.js",
              "beforeHooks": [],
              "afterHooks": [],
              "tests": [
                {
                  "title": "should create a wine with valid data",
                  "fullTitle": "Wine API POST /wines/ should create a wine with valid data",
                  "timedOut": false,
                  "duration": 8,
                  "state": "passed",
                  "speed": "fast",
                  "pass": true,
                  "fail": false,
                  "pending": false,
                  "context": null,
                  "code": "const res = await request(server)\n  .post('/wines/')\n  .send(sampleWines[0]);\nexpect(res.status).to.equal(200);\nexpect(res.body.id).to.equal(1);\nexpect(res.body.name).to.equal('Pinot noir');\nexpect(res.body.year).to.equal(2011);\nexpect(res.body.country).to.equal('France');\nexpect(res.body.type).to.equal('red');",
                  "err": {},
                  "uuid": "effe3842-01df-4bcc-ac44-95eb5991d2ac",
                  "parentUUID": "8c761145-6622-4d49-9a65-970999a9e106",
                  "isHook": false,
                  "skipped": false
                },
                {
                  "title": "should auto-increment IDs",
                  "fullTitle": "Wine API POST /wines/ should auto-increment IDs",
                  "timedOut": false,
                  "duration": 8,
                  "state": "passed",
                  "speed": "fast",
                  "pass": true,
                  "fail": false,
                  "pending": false,
                  "context": null,
                  "code": "await request(server).post('/wines/').send(sampleWines[0]);\nconst res = await request(server).post('/wines/').send(sampleWines[1]);\nexpect(res.body.id).to.equal(2);",
                  "err": {},
                  "uuid": "a763f3ad-b8fa-42ae-941a-6d260c22eb27",
                  "parentUUID": "8c761145-6622-4d49-9a65-970999a9e106",
                  "isHook": false,
                  "skipped": false
                },
                {
                  "title": "should return validation error for missing name",
                  "fullTitle": "Wine API POST /wines/ should return validation error for missing name",
                  "timedOut": false,
                  "duration": 2,
                  "state": "passed",
                  "speed": "fast",
                  "pass": true,
                  "fail": false,
                  "pending": false,
                  "context": null,
                  "code": "const res = await request(server)\n  .post('/wines/')\n  .send({ year: 2011, country: 'France', type: 'red' });\nexpect(res.status).to.equal(400);\nexpect(res.body.error).to.equal('VALIDATION_ERROR');\nexpect(res.body.validation.name).to.equal('MISSING');",
                  "err": {},
                  "uuid": "74b20598-88c7-4bd5-9051-7816bda9f49b",
                  "parentUUID": "8c761145-6622-4d49-9a65-970999a9e106",
                  "isHook": false,
                  "skipped": false
                },
                {
                  "title": "should return validation error for missing year",
                  "fullTitle": "Wine API POST /wines/ should return validation error for missing year",
                  "timedOut": false,
                  "duration": 2,
                  "state": "passed",
                  "speed": "fast",
                  "pass": true,
                  "fail": false,
                  "pending": false,
                  "context": null,
                  "code": "const res = await request(server)\n  .post('/wines/')\n  .send({ name: 'Test', country: 'France', type: 'red' });\nexpect(res.status).to.equal(400);\nexpect(res.body.error).to.equal('VALIDATION_ERROR');\nexpect(res.body.validation.year).to.equal('MISSING');",
                  "err": {},
                  "uuid": "c2a0e7fd-df9e-4f81-ab3f-573079cd3557",
                  "parentUUID": "8c761145-6622-4d49-9a65-970999a9e106",
                  "isHook": false,
                  "skipped": false
                },
                {
                  "title": "should return validation error for invalid year",
                  "fullTitle": "Wine API POST /wines/ should return validation error for invalid year",
                  "timedOut": false,
                  "duration": 1,
                  "state": "passed",
                  "speed": "fast",
                  "pass": true,
                  "fail": false,
                  "pending": false,
                  "context": null,
                  "code": "const res = await request(server)\n  .post('/wines/')\n  .send({ name: 'Test', year: 'invalid', country: 'France', type: 'red' });\nexpect(res.status).to.equal(400);\nexpect(res.body.error).to.equal('VALIDATION_ERROR');\nexpect(res.body.validation.year).to.equal('INVALID');",
                  "err": {},
                  "uuid": "b1fde04b-0ef7-4af9-be68-37e0040faf7a",
                  "parentUUID": "8c761145-6622-4d49-9a65-970999a9e106",
                  "isHook": false,
                  "skipped": false
                },
                {
                  "title": "should return validation error for missing country",
                  "fullTitle": "Wine API POST /wines/ should return validation error for missing country",
                  "timedOut": false,
                  "duration": 1,
                  "state": "passed",
                  "speed": "fast",
                  "pass": true,
                  "fail": false,
                  "pending": false,
                  "context": null,
                  "code": "const res = await request(server)\n  .post('/wines/')\n  .send({ name: 'Test', year: 2011, type: 'red' });\nexpect(res.status).to.equal(400);\nexpect(res.body.error).to.equal('VALIDATION_ERROR');\nexpect(res.body.validation.country).to.equal('MISSING');",
                  "err": {},
                  "uuid": "997d1fc9-5f1c-420c-b7a4-a7d9bea4ae4c",
                  "parentUUID": "8c761145-6622-4d49-9a65-970999a9e106",
                  "isHook": false,
                  "skipped": false
                },
                {
                  "title": "should return validation error for missing type",
                  "fullTitle": "Wine API POST /wines/ should return validation error for missing type",
                  "timedOut": false,
                  "duration": 1,
                  "state": "passed",
                  "speed": "fast",
                  "pass": true,
                  "fail": false,
                  "pending": false,
                  "context": null,
                  "code": "const res = await request(server)\n  .post('/wines/')\n  .send({ name: 'Test', year: 2011, country: 'France' });\nexpect(res.status).to.equal(400);\nexpect(res.body.error).to.equal('VALIDATION_ERROR');\nexpect(res.body.validation.type).to.equal('MISSING');",
                  "err": {},
                  "uuid": "18ca0900-37b5-46af-92f3-c4f124d29df4",
                  "parentUUID": "8c761145-6622-4d49-9a65-970999a9e106",
                  "isHook": false,
                  "skipped": false
                },
                {
                  "title": "should return validation error for invalid type",
                  "fullTitle": "Wine API POST /wines/ should return validation error for invalid type",
                  "timedOut": false,
                  "duration": 2,
                  "state": "passed",
                  "speed": "fast",
                  "pass": true,
                  "fail": false,
                  "pending": false,
                  "context": null,
                  "code": "const res = await request(server)\n  .post('/wines/')\n  .send({ name: 'Test', year: 2011, country: 'France', type: 'sparkling' });\nexpect(res.status).to.equal(400);\nexpect(res.body.error).to.equal('VALIDATION_ERROR');\nexpect(res.body.validation.type).to.equal('INVALID');",
                  "err": {},
                  "uuid": "826fc1c9-009b-4908-b065-51d06e56d8d3",
                  "parentUUID": "8c761145-6622-4d49-9a65-970999a9e106",
                  "isHook": false,
                  "skipped": false
                },
                {
                  "title": "should return multiple validation errors",
                  "fullTitle": "Wine API POST /wines/ should return multiple validation errors",
                  "timedOut": false,
                  "duration": 2,
                  "state": "passed",
                  "speed": "fast",
                  "pass": true,
                  "fail": false,
                  "pending": false,
                  "context": null,
                  "code": "const res = await request(server)\n  .post('/wines/')\n  .send({ year: 'invalid' });\nexpect(res.status).to.equal(400);\nexpect(res.body.error).to.equal('VALIDATION_ERROR');\nexpect(res.body.validation.name).to.equal('MISSING');\nexpect(res.body.validation.year).to.equal('INVALID');\nexpect(res.body.validation.country).to.equal('MISSING');\nexpect(res.body.validation.type).to.equal('MISSING');",
                  "err": {},
                  "uuid": "4d12fce1-82c5-42bf-8c75-dfe4dbc6f055",
                  "parentUUID": "8c761145-6622-4d49-9a65-970999a9e106",
                  "isHook": false,
                  "skipped": false
                }
              ],
              "suites": [],
              "passes": [
                "effe3842-01df-4bcc-ac44-95eb5991d2ac",
                "a763f3ad-b8fa-42ae-941a-6d260c22eb27",
                "74b20598-88c7-4bd5-9051-7816bda9f49b",
                "c2a0e7fd-df9e-4f81-ab3f-573079cd3557",
                "b1fde04b-0ef7-4af9-be68-37e0040faf7a",
                "997d1fc9-5f1c-420c-b7a4-a7d9bea4ae4c",
                "18ca0900-37b5-46af-92f3-c4f124d29df4",
                "826fc1c9-009b-4908-b065-51d06e56d8d3",
                "4d12fce1-82c5-42bf-8c75-dfe4dbc6f055"
              ],
              "failures": [],
              "pending": [],
              "skipped": [],
              "duration": 27,
              "root": false,
              "rootEmpty": false,
              "_timeout": 10000
            },
            {
              "uuid": "31791e83-d33d-46c7-b493-384f79051161",
              "title": "GET /wines/:id",
              "fullFile": "/home/runner/work/sandbox.challenge/sandbox.challenge/test/wines.test.js",
              "file": "/test/wines.test.js",
              "beforeHooks": [],
              "afterHooks": [],
              "tests": [
                {
                  "title": "should return wine by id",
                  "fullTitle": "Wine API GET /wines/:id should return wine by id",
                  "timedOut": false,
                  "duration": 4,
                  "state": "passed",
                  "speed": "fast",
                  "pass": true,
                  "fail": false,
                  "pending": false,
                  "context": null,
                  "code": "await Wine.create({ id: 1, ...sampleWines[0] });\nconst res = await request(server).get('/wines/1');\nexpect(res.status).to.equal(200);\nexpect(res.body.id).to.equal(1);\nexpect(res.body.name).to.equal('Pinot noir');",
                  "err": {},
                  "uuid": "bf4cdbca-79a1-4ad6-b942-05e4b2209894",
                  "parentUUID": "31791e83-d33d-46c7-b493-384f79051161",
                  "isHook": false,
                  "skipped": false
                },
                {
                  "title": "should return UNKNOWN_OBJECT for non-existent id",
                  "fullTitle": "Wine API GET /wines/:id should return UNKNOWN_OBJECT for non-existent id",
                  "timedOut": false,
                  "duration": 3,
                  "state": "passed",
                  "speed": "fast",
                  "pass": true,
                  "fail": false,
                  "pending": false,
                  "context": null,
                  "code": "const res = await request(server).get('/wines/999');\nexpect(res.status).to.equal(400);\nexpect(res.body.error).to.equal('UNKNOWN_OBJECT');",
                  "err": {},
                  "uuid": "f05c0788-61d8-4b3e-8733-4e6869929931",
                  "parentUUID": "31791e83-d33d-46c7-b493-384f79051161",
                  "isHook": false,
                  "skipped": false
                }
              ],
              "suites": [],
              "passes": [
                "bf4cdbca-79a1-4ad6-b942-05e4b2209894",
                "f05c0788-61d8-4b3e-8733-4e6869929931"
              ],
              "failures": [],
              "pending": [],
              "skipped": [],
              "duration": 7,
              "root": false,
              "rootEmpty": false,
              "_timeout": 10000
            },
            {
              "uuid": "45a90485-b533-4582-a545-579ff776fa07",
              "title": "PUT /wines/:id",
              "fullFile": "/home/runner/work/sandbox.challenge/sandbox.challenge/test/wines.test.js",
              "file": "/test/wines.test.js",
              "beforeHooks": [],
              "afterHooks": [],
              "tests": [
                {
                  "title": "should update wine",
                  "fullTitle": "Wine API PUT /wines/:id should update wine",
                  "timedOut": false,
                  "duration": 6,
                  "state": "passed",
                  "speed": "fast",
                  "pass": true,
                  "fail": false,
                  "pending": false,
                  "context": null,
                  "code": "await Wine.create({ id: 1, ...sampleWines[0] });\nconst res = await request(server)\n  .put('/wines/1')\n  .send({ description: 'Updated description' });\nexpect(res.status).to.equal(200);\nexpect(res.body.id).to.equal(1);\nexpect(res.body.description).to.equal('Updated description');",
                  "err": {},
                  "uuid": "d1bfed51-e042-47f5-a3a7-cba13d2fcfa0",
                  "parentUUID": "45a90485-b533-4582-a545-579ff776fa07",
                  "isHook": false,
                  "skipped": false
                },
                {
                  "title": "should update multiple fields",
                  "fullTitle": "Wine API PUT /wines/:id should update multiple fields",
                  "timedOut": false,
                  "duration": 8,
                  "state": "passed",
                  "speed": "fast",
                  "pass": true,
                  "fail": false,
                  "pending": false,
                  "context": null,
                  "code": "await Wine.create({ id: 1, ...sampleWines[0] });\nconst res = await request(server)\n  .put('/wines/1')\n  .send({ year: 2012, country: 'Italy' });\nexpect(res.status).to.equal(200);\nexpect(res.body.year).to.equal(2012);\nexpect(res.body.country).to.equal('Italy');",
                  "err": {},
                  "uuid": "e31dfdf8-cf7a-4521-8350-faf2b4b639a8",
                  "parentUUID": "45a90485-b533-4582-a545-579ff776fa07",
                  "isHook": false,
                  "skipped": false
                },
                {
                  "title": "should return UNKNOWN_OBJECT for non-existent id",
                  "fullTitle": "Wine API PUT /wines/:id should return UNKNOWN_OBJECT for non-existent id",
                  "timedOut": false,
                  "duration": 3,
                  "state": "passed",
                  "speed": "fast",
                  "pass": true,
                  "fail": false,
                  "pending": false,
                  "context": null,
                  "code": "const res = await request(server)\n  .put('/wines/999')\n  .send({ description: 'Test' });\nexpect(res.status).to.equal(400);\nexpect(res.body.error).to.equal('UNKNOWN_OBJECT');",
                  "err": {},
                  "uuid": "1471bbca-a08c-4596-904d-9a9e3b3b7436",
                  "parentUUID": "45a90485-b533-4582-a545-579ff776fa07",
                  "isHook": false,
                  "skipped": false
                },
                {
                  "title": "should validate updated fields",
                  "fullTitle": "Wine API PUT /wines/:id should validate updated fields",
                  "timedOut": false,
                  "duration": 4,
                  "state": "passed",
                  "speed": "fast",
                  "pass": true,
                  "fail": false,
                  "pending": false,
                  "context": null,
                  "code": "await Wine.create({ id: 1, ...sampleWines[0] });\nconst res = await request(server)\n  .put('/wines/1')\n  .send({ type: 'sparkling' });\nexpect(res.status).to.equal(400);\nexpect(res.body.error).to.equal('VALIDATION_ERROR');\nexpect(res.body.validation.type).to.equal('INVALID');",
                  "err": {},
                  "uuid": "9fcddd7b-a3a3-4c24-b58a-427d3fcc510c",
                  "parentUUID": "45a90485-b533-4582-a545-579ff776fa07",
                  "isHook": false,
                  "skipped": false
                }
              ],
              "suites": [],
              "passes": [
                "d1bfed51-e042-47f5-a3a7-cba13d2fcfa0",
                "e31dfdf8-cf7a-4521-8350-faf2b4b639a8",
                "1471bbca-a08c-4596-904d-9a9e3b3b7436",
                "9fcddd7b-a3a3-4c24-b58a-427d3fcc510c"
              ],
              "failures": [],
              "pending": [],
              "skipped": [],
              "duration": 21,
              "root": false,
              "rootEmpty": false,
              "_timeout": 10000
            },
            {
              "uuid": "fe2dc2a6-c6c2-41b1-9f21-c24622467897",
              "title": "DELETE /wines/:id",
              "fullFile": "/home/runner/work/sandbox.challenge/sandbox.challenge/test/wines.test.js",
              "file": "/test/wines.test.js",
              "beforeHooks": [],
              "afterHooks": [],
              "tests": [
                {
                  "title": "should delete wine",
                  "fullTitle": "Wine API DELETE /wines/:id should delete wine",
                  "timedOut": false,
                  "duration": 4,
                  "state": "passed",
                  "speed": "fast",
                  "pass": true,
                  "fail": false,
                  "pending": false,
                  "context": null,
                  "code": "await Wine.create({ id: 1, ...sampleWines[0] });\nconst res = await request(server).delete('/wines/1');\nexpect(res.status).to.equal(200);\nexpect(res.body.success).to.equal(true);\nconst wine = await Wine.findOne({ id: 1 });\nexpect(wine).to.be.null;",
                  "err": {},
                  "uuid": "fe7a44b0-fafc-48c2-b4ed-5538d1d776de",
                  "parentUUID": "fe2dc2a6-c6c2-41b1-9f21-c24622467897",
                  "isHook": false,
                  "skipped": false
                },
                {
                  "title": "should return UNKNOWN_OBJECT for non-existent id",
                  "fullTitle": "Wine API DELETE /wines/:id should return UNKNOWN_OBJECT for non-existent id",
                  "timedOut": false,
                  "duration": 2,
                  "state": "passed",
                  "speed": "fast",
                  "pass": true,
                  "fail": false,
                  "pending": false,
                  "context": null,
                  "code": "const res = await request(server).delete('/wines/999');\nexpect(res.status).to.equal(400);\nexpect(res.body.error).to.equal('UNKNOWN_OBJECT');",
                  "err": {},
                  "uuid": "cfd7f40a-a2d5-4676-8013-91d65f386c96",
                  "parentUUID": "fe2dc2a6-c6c2-41b1-9f21-c24622467897",
                  "isHook": false,
                  "skipped": false
                }
              ],
              "suites": [],
              "passes": [
                "fe7a44b0-fafc-48c2-b4ed-5538d1d776de",
                "cfd7f40a-a2d5-4676-8013-91d65f386c96"
              ],
              "failures": [],
              "pending": [],
              "skipped": [],
              "duration": 6,
              "root": false,
              "rootEmpty": false,
              "_timeout": 10000
            }
          ],
          "passes": [],
          "failures": [],
          "pending": [],
          "skipped": [],
          "duration": 0,
          "root": false,
          "rootEmpty": false,
          "_timeout": 10000
        }
      ],
      "passes": [],
      "failures": [],
      "pending": [],
      "skipped": [],
      "duration": 0,
      "root": true,
      "rootEmpty": true,
      "_timeout": 10000
    }
  ],
  "meta": {
    "mocha": {
      "version": "10.8.2"
    },
    "mochawesome": {
      "options": {
        "quiet": false,
        "reportFilename": "test-report",
        "saveHtml": true,
        "saveJson": true,
        "consoleReporter": "spec",
        "useInlineDiffs": false,
        "code": true
      },
      "version": "7.1.4"
    },
    "marge": {
      "options": {
        "reportDir": "docs/test",
        "reportFilename": "test-report"
      },
      "version": "6.3.2"
    }
  }
}