{
  "stats": {
    "suites": 6,
    "tests": 23,
    "passes": 23,
    "pending": 0,
    "failures": 0,
    "start": "2026-01-14T16:48:23.467Z",
    "end": "2026-01-14T16:48:23.572Z",
    "duration": 105,
    "testsRegistered": 23,
    "passPercent": 100,
    "pendingPercent": 0,
    "other": 0,
    "hasOther": false,
    "skipped": 0,
    "hasSkipped": false
  },
  "results": [
    {
      "uuid": "e91bb875-ee4a-44ae-b037-27958f3d7cc5",
      "title": "",
      "fullFile": "/com.github/kjwenger/sandbox.challenge/test/wines.test.js",
      "file": "/test/wines.test.js",
      "beforeHooks": [],
      "afterHooks": [],
      "tests": [],
      "suites": [
        {
          "uuid": "ce804591-5121-4ad7-b139-ff133af2afd0",
          "title": "Wine API",
          "fullFile": "/com.github/kjwenger/sandbox.challenge/test/wines.test.js",
          "file": "/test/wines.test.js",
          "beforeHooks": [
            {
              "title": "\"before all\" hook in \"Wine API\"",
              "fullTitle": "Wine API \"before all\" hook in \"Wine API\"",
              "timedOut": false,
              "duration": 16,
              "state": null,
              "speed": null,
              "pass": false,
              "fail": false,
              "pending": false,
              "context": null,
              "code": "const mongoUri = process.env.MONGODB_URI || 'mongodb://localhost:27017/wines_test';\nawait mongoose.connect(mongoUri);\nserver = createServer();",
              "err": {},
              "uuid": "0e6274d5-7837-45e6-b6c1-44359d2e3efc",
              "parentUUID": "ce804591-5121-4ad7-b139-ff133af2afd0",
              "isHook": true,
              "skipped": false
            },
            {
              "title": "\"before each\" hook in \"Wine API\"",
              "fullTitle": "Wine API \"before each\" hook in \"Wine API\"",
              "timedOut": false,
              "duration": 1,
              "state": null,
              "speed": null,
              "pass": false,
              "fail": false,
              "pending": false,
              "context": null,
              "code": "await Wine.deleteMany({});\nawait Counter.deleteMany({});",
              "err": {},
              "uuid": "1146391c-f26c-4473-8e24-598f881615a1",
              "parentUUID": "ce804591-5121-4ad7-b139-ff133af2afd0",
              "isHook": true,
              "skipped": false
            }
          ],
          "afterHooks": [
            {
              "title": "\"after all\" hook in \"Wine API\"",
              "fullTitle": "Wine API \"after all\" hook in \"Wine API\"",
              "timedOut": false,
              "duration": 2,
              "state": null,
              "speed": null,
              "pass": false,
              "fail": false,
              "pending": false,
              "context": null,
              "code": "await mongoose.disconnect();",
              "err": {},
              "uuid": "bf0209a4-13f3-4183-91a3-08c35c96eac5",
              "parentUUID": "ce804591-5121-4ad7-b139-ff133af2afd0",
              "isHook": true,
              "skipped": false
            }
          ],
          "tests": [],
          "suites": [
            {
              "uuid": "33de2ec3-deba-4d75-98f0-6aa8279ae4c1",
              "title": "GET /wines/",
              "fullFile": "/com.github/kjwenger/sandbox.challenge/test/wines.test.js",
              "file": "/test/wines.test.js",
              "beforeHooks": [],
              "afterHooks": [],
              "tests": [
                {
                  "title": "should return empty array when no wines exist",
                  "fullTitle": "Wine API GET /wines/ should return empty array when no wines exist",
                  "timedOut": false,
                  "duration": 9,
                  "state": "passed",
                  "speed": "fast",
                  "pass": true,
                  "fail": false,
                  "pending": false,
                  "context": null,
                  "code": "const res = await request(server).get('/wines/');\nexpect(res.status).to.equal(200);\nexpect(res.body).to.be.an('array').that.is.empty;",
                  "err": {},
                  "uuid": "e5ab77b6-42d7-4a23-ab97-ef8c72222a5a",
                  "parentUUID": "33de2ec3-deba-4d75-98f0-6aa8279ae4c1",
                  "isHook": false,
                  "skipped": false
                },
                {
                  "title": "should return all wines",
                  "fullTitle": "Wine API GET /wines/ should return all wines",
                  "timedOut": false,
                  "duration": 8,
                  "state": "passed",
                  "speed": "fast",
                  "pass": true,
                  "fail": false,
                  "pending": false,
                  "context": null,
                  "code": "await Wine.create([\n  { id: 1, ...sampleWines[0] },\n  { id: 2, ...sampleWines[1] }\n]);\nconst res = await request(server).get('/wines/');\nexpect(res.status).to.equal(200);\nexpect(res.body).to.have.length(2);",
                  "err": {},
                  "uuid": "34a09866-e47f-449d-92ed-d52fc97d330d",
                  "parentUUID": "33de2ec3-deba-4d75-98f0-6aa8279ae4c1",
                  "isHook": false,
                  "skipped": false
                },
                {
                  "title": "should filter by year",
                  "fullTitle": "Wine API GET /wines/ should filter by year",
                  "timedOut": false,
                  "duration": 5,
                  "state": "passed",
                  "speed": "fast",
                  "pass": true,
                  "fail": false,
                  "pending": false,
                  "context": null,
                  "code": "await Wine.create([\n  { id: 1, ...sampleWines[0] },\n  { id: 2, ...sampleWines[1] }\n]);\nconst res = await request(server).get('/wines/').query({ year: 2011 });\nexpect(res.status).to.equal(200);\nexpect(res.body).to.have.length(1);\nexpect(res.body[0].name).to.equal('Pinot noir');",
                  "err": {},
                  "uuid": "78f6f907-3e25-4da7-bc29-a1de8d1bd50e",
                  "parentUUID": "33de2ec3-deba-4d75-98f0-6aa8279ae4c1",
                  "isHook": false,
                  "skipped": false
                },
                {
                  "title": "should filter by name (case-insensitive)",
                  "fullTitle": "Wine API GET /wines/ should filter by name (case-insensitive)",
                  "timedOut": false,
                  "duration": 3,
                  "state": "passed",
                  "speed": "fast",
                  "pass": true,
                  "fail": false,
                  "pending": false,
                  "context": null,
                  "code": "await Wine.create([\n  { id: 1, ...sampleWines[0] },\n  { id: 2, ...sampleWines[1] }\n]);\nconst res = await request(server).get('/wines/').query({ name: 'pinot' });\nexpect(res.status).to.equal(200);\nexpect(res.body).to.have.length(1);\nexpect(res.body[0].name).to.equal('Pinot noir');",
                  "err": {},
                  "uuid": "7c9318a9-f751-4ebd-8272-9c7cc63434cf",
                  "parentUUID": "33de2ec3-deba-4d75-98f0-6aa8279ae4c1",
                  "isHook": false,
                  "skipped": false
                },
                {
                  "title": "should filter by type",
                  "fullTitle": "Wine API GET /wines/ should filter by type",
                  "timedOut": false,
                  "duration": 3,
                  "state": "passed",
                  "speed": "fast",
                  "pass": true,
                  "fail": false,
                  "pending": false,
                  "context": null,
                  "code": "await Wine.create([\n  { id: 1, ...sampleWines[0] },\n  { id: 2, ...sampleWines[2] }\n]);\nconst res = await request(server).get('/wines/').query({ type: 'white' });\nexpect(res.status).to.equal(200);\nexpect(res.body).to.have.length(1);\nexpect(res.body[0].name).to.equal('Chardonnay');",
                  "err": {},
                  "uuid": "9dd228e5-1f39-4043-8278-266c47f57ba4",
                  "parentUUID": "33de2ec3-deba-4d75-98f0-6aa8279ae4c1",
                  "isHook": false,
                  "skipped": false
                },
                {
                  "title": "should filter by country",
                  "fullTitle": "Wine API GET /wines/ should filter by country",
                  "timedOut": false,
                  "duration": 2,
                  "state": "passed",
                  "speed": "fast",
                  "pass": true,
                  "fail": false,
                  "pending": false,
                  "context": null,
                  "code": "await Wine.create([\n  { id: 1, ...sampleWines[0] },\n  { id: 2, ...sampleWines[2] }\n]);\nconst res = await request(server).get('/wines/').query({ country: 'France' });\nexpect(res.status).to.equal(200);\nexpect(res.body).to.have.length(1);\nexpect(res.body[0].name).to.equal('Pinot noir');",
                  "err": {},
                  "uuid": "8fb9a3f3-5476-4844-9d75-57edfbc6d5f7",
                  "parentUUID": "33de2ec3-deba-4d75-98f0-6aa8279ae4c1",
                  "isHook": false,
                  "skipped": false
                }
              ],
              "suites": [],
              "passes": [
                "e5ab77b6-42d7-4a23-ab97-ef8c72222a5a",
                "34a09866-e47f-449d-92ed-d52fc97d330d",
                "78f6f907-3e25-4da7-bc29-a1de8d1bd50e",
                "7c9318a9-f751-4ebd-8272-9c7cc63434cf",
                "9dd228e5-1f39-4043-8278-266c47f57ba4",
                "8fb9a3f3-5476-4844-9d75-57edfbc6d5f7"
              ],
              "failures": [],
              "pending": [],
              "skipped": [],
              "duration": 30,
              "root": false,
              "rootEmpty": false,
              "_timeout": 10000
            },
            {
              "uuid": "63fcf91e-a276-47ec-9314-bf769179fc9c",
              "title": "POST /wines/",
              "fullFile": "/com.github/kjwenger/sandbox.challenge/test/wines.test.js",
              "file": "/test/wines.test.js",
              "beforeHooks": [],
              "afterHooks": [],
              "tests": [
                {
                  "title": "should create a wine with valid data",
                  "fullTitle": "Wine API POST /wines/ should create a wine with valid data",
                  "timedOut": false,
                  "duration": 4,
                  "state": "passed",
                  "speed": "fast",
                  "pass": true,
                  "fail": false,
                  "pending": false,
                  "context": null,
                  "code": "const res = await request(server)\n  .post('/wines/')\n  .send(sampleWines[0]);\nexpect(res.status).to.equal(200);\nexpect(res.body.id).to.equal(1);\nexpect(res.body.name).to.equal('Pinot noir');\nexpect(res.body.year).to.equal(2011);\nexpect(res.body.country).to.equal('France');\nexpect(res.body.type).to.equal('red');",
                  "err": {},
                  "uuid": "8fcca680-fc3c-4ee9-86bd-e1656099ff2a",
                  "parentUUID": "63fcf91e-a276-47ec-9314-bf769179fc9c",
                  "isHook": false,
                  "skipped": false
                },
                {
                  "title": "should auto-increment IDs",
                  "fullTitle": "Wine API POST /wines/ should auto-increment IDs",
                  "timedOut": false,
                  "duration": 5,
                  "state": "passed",
                  "speed": "fast",
                  "pass": true,
                  "fail": false,
                  "pending": false,
                  "context": null,
                  "code": "await request(server).post('/wines/').send(sampleWines[0]);\nconst res = await request(server).post('/wines/').send(sampleWines[1]);\nexpect(res.body.id).to.equal(2);",
                  "err": {},
                  "uuid": "bb0439c6-4c30-4b85-9b20-6f1b975dd2d8",
                  "parentUUID": "63fcf91e-a276-47ec-9314-bf769179fc9c",
                  "isHook": false,
                  "skipped": false
                },
                {
                  "title": "should return validation error for missing name",
                  "fullTitle": "Wine API POST /wines/ should return validation error for missing name",
                  "timedOut": false,
                  "duration": 1,
                  "state": "passed",
                  "speed": "fast",
                  "pass": true,
                  "fail": false,
                  "pending": false,
                  "context": null,
                  "code": "const res = await request(server)\n  .post('/wines/')\n  .send({ year: 2011, country: 'France', type: 'red' });\nexpect(res.status).to.equal(400);\nexpect(res.body.error).to.equal('VALIDATION_ERROR');\nexpect(res.body.validation.name).to.equal('MISSING');",
                  "err": {},
                  "uuid": "2f829b3c-5fb0-4de1-b209-62233953000a",
                  "parentUUID": "63fcf91e-a276-47ec-9314-bf769179fc9c",
                  "isHook": false,
                  "skipped": false
                },
                {
                  "title": "should return validation error for missing year",
                  "fullTitle": "Wine API POST /wines/ should return validation error for missing year",
                  "timedOut": false,
                  "duration": 1,
                  "state": "passed",
                  "speed": "fast",
                  "pass": true,
                  "fail": false,
                  "pending": false,
                  "context": null,
                  "code": "const res = await request(server)\n  .post('/wines/')\n  .send({ name: 'Test', country: 'France', type: 'red' });\nexpect(res.status).to.equal(400);\nexpect(res.body.error).to.equal('VALIDATION_ERROR');\nexpect(res.body.validation.year).to.equal('MISSING');",
                  "err": {},
                  "uuid": "dc4fd26d-bed0-4527-b542-dc018fd31f64",
                  "parentUUID": "63fcf91e-a276-47ec-9314-bf769179fc9c",
                  "isHook": false,
                  "skipped": false
                },
                {
                  "title": "should return validation error for invalid year",
                  "fullTitle": "Wine API POST /wines/ should return validation error for invalid year",
                  "timedOut": false,
                  "duration": 0,
                  "state": "passed",
                  "speed": "fast",
                  "pass": true,
                  "fail": false,
                  "pending": false,
                  "context": null,
                  "code": "const res = await request(server)\n  .post('/wines/')\n  .send({ name: 'Test', year: 'invalid', country: 'France', type: 'red' });\nexpect(res.status).to.equal(400);\nexpect(res.body.error).to.equal('VALIDATION_ERROR');\nexpect(res.body.validation.year).to.equal('INVALID');",
                  "err": {},
                  "uuid": "5888f429-b59a-4a1b-8130-c6cceb276ec0",
                  "parentUUID": "63fcf91e-a276-47ec-9314-bf769179fc9c",
                  "isHook": false,
                  "skipped": false
                },
                {
                  "title": "should return validation error for missing country",
                  "fullTitle": "Wine API POST /wines/ should return validation error for missing country",
                  "timedOut": false,
                  "duration": 1,
                  "state": "passed",
                  "speed": "fast",
                  "pass": true,
                  "fail": false,
                  "pending": false,
                  "context": null,
                  "code": "const res = await request(server)\n  .post('/wines/')\n  .send({ name: 'Test', year: 2011, type: 'red' });\nexpect(res.status).to.equal(400);\nexpect(res.body.error).to.equal('VALIDATION_ERROR');\nexpect(res.body.validation.country).to.equal('MISSING');",
                  "err": {},
                  "uuid": "fe4a9ab2-43a7-4a54-9e44-a803f685d809",
                  "parentUUID": "63fcf91e-a276-47ec-9314-bf769179fc9c",
                  "isHook": false,
                  "skipped": false
                },
                {
                  "title": "should return validation error for missing type",
                  "fullTitle": "Wine API POST /wines/ should return validation error for missing type",
                  "timedOut": false,
                  "duration": 1,
                  "state": "passed",
                  "speed": "fast",
                  "pass": true,
                  "fail": false,
                  "pending": false,
                  "context": null,
                  "code": "const res = await request(server)\n  .post('/wines/')\n  .send({ name: 'Test', year: 2011, country: 'France' });\nexpect(res.status).to.equal(400);\nexpect(res.body.error).to.equal('VALIDATION_ERROR');\nexpect(res.body.validation.type).to.equal('MISSING');",
                  "err": {},
                  "uuid": "520e5c32-9ace-4b1c-be33-c205777c8e24",
                  "parentUUID": "63fcf91e-a276-47ec-9314-bf769179fc9c",
                  "isHook": false,
                  "skipped": false
                },
                {
                  "title": "should return validation error for invalid type",
                  "fullTitle": "Wine API POST /wines/ should return validation error for invalid type",
                  "timedOut": false,
                  "duration": 1,
                  "state": "passed",
                  "speed": "fast",
                  "pass": true,
                  "fail": false,
                  "pending": false,
                  "context": null,
                  "code": "const res = await request(server)\n  .post('/wines/')\n  .send({ name: 'Test', year: 2011, country: 'France', type: 'sparkling' });\nexpect(res.status).to.equal(400);\nexpect(res.body.error).to.equal('VALIDATION_ERROR');\nexpect(res.body.validation.type).to.equal('INVALID');",
                  "err": {},
                  "uuid": "b26e4c07-109d-4599-896a-599cda8b2536",
                  "parentUUID": "63fcf91e-a276-47ec-9314-bf769179fc9c",
                  "isHook": false,
                  "skipped": false
                },
                {
                  "title": "should return multiple validation errors",
                  "fullTitle": "Wine API POST /wines/ should return multiple validation errors",
                  "timedOut": false,
                  "duration": 1,
                  "state": "passed",
                  "speed": "fast",
                  "pass": true,
                  "fail": false,
                  "pending": false,
                  "context": null,
                  "code": "const res = await request(server)\n  .post('/wines/')\n  .send({ year: 'invalid' });\nexpect(res.status).to.equal(400);\nexpect(res.body.error).to.equal('VALIDATION_ERROR');\nexpect(res.body.validation.name).to.equal('MISSING');\nexpect(res.body.validation.year).to.equal('INVALID');\nexpect(res.body.validation.country).to.equal('MISSING');\nexpect(res.body.validation.type).to.equal('MISSING');",
                  "err": {},
                  "uuid": "dffb2127-7aff-4ed3-b395-82b1ecad049f",
                  "parentUUID": "63fcf91e-a276-47ec-9314-bf769179fc9c",
                  "isHook": false,
                  "skipped": false
                }
              ],
              "suites": [],
              "passes": [
                "8fcca680-fc3c-4ee9-86bd-e1656099ff2a",
                "bb0439c6-4c30-4b85-9b20-6f1b975dd2d8",
                "2f829b3c-5fb0-4de1-b209-62233953000a",
                "dc4fd26d-bed0-4527-b542-dc018fd31f64",
                "5888f429-b59a-4a1b-8130-c6cceb276ec0",
                "fe4a9ab2-43a7-4a54-9e44-a803f685d809",
                "520e5c32-9ace-4b1c-be33-c205777c8e24",
                "b26e4c07-109d-4599-896a-599cda8b2536",
                "dffb2127-7aff-4ed3-b395-82b1ecad049f"
              ],
              "failures": [],
              "pending": [],
              "skipped": [],
              "duration": 15,
              "root": false,
              "rootEmpty": false,
              "_timeout": 10000
            },
            {
              "uuid": "9bbc8e9b-7f8c-4ee7-b66d-d81e3b2a1a10",
              "title": "GET /wines/:id",
              "fullFile": "/com.github/kjwenger/sandbox.challenge/test/wines.test.js",
              "file": "/test/wines.test.js",
              "beforeHooks": [],
              "afterHooks": [],
              "tests": [
                {
                  "title": "should return wine by id",
                  "fullTitle": "Wine API GET /wines/:id should return wine by id",
                  "timedOut": false,
                  "duration": 2,
                  "state": "passed",
                  "speed": "fast",
                  "pass": true,
                  "fail": false,
                  "pending": false,
                  "context": null,
                  "code": "await Wine.create({ id: 1, ...sampleWines[0] });\nconst res = await request(server).get('/wines/1');\nexpect(res.status).to.equal(200);\nexpect(res.body.id).to.equal(1);\nexpect(res.body.name).to.equal('Pinot noir');",
                  "err": {},
                  "uuid": "b8ae72ac-b302-4160-9804-1ed5a02c31a0",
                  "parentUUID": "9bbc8e9b-7f8c-4ee7-b66d-d81e3b2a1a10",
                  "isHook": false,
                  "skipped": false
                },
                {
                  "title": "should return UNKNOWN_OBJECT for non-existent id",
                  "fullTitle": "Wine API GET /wines/:id should return UNKNOWN_OBJECT for non-existent id",
                  "timedOut": false,
                  "duration": 1,
                  "state": "passed",
                  "speed": "fast",
                  "pass": true,
                  "fail": false,
                  "pending": false,
                  "context": null,
                  "code": "const res = await request(server).get('/wines/999');\nexpect(res.status).to.equal(400);\nexpect(res.body.error).to.equal('UNKNOWN_OBJECT');",
                  "err": {},
                  "uuid": "82e646c5-791c-49b0-9f43-1b7807a88b85",
                  "parentUUID": "9bbc8e9b-7f8c-4ee7-b66d-d81e3b2a1a10",
                  "isHook": false,
                  "skipped": false
                }
              ],
              "suites": [],
              "passes": [
                "b8ae72ac-b302-4160-9804-1ed5a02c31a0",
                "82e646c5-791c-49b0-9f43-1b7807a88b85"
              ],
              "failures": [],
              "pending": [],
              "skipped": [],
              "duration": 3,
              "root": false,
              "rootEmpty": false,
              "_timeout": 10000
            },
            {
              "uuid": "e429cfe1-17e3-434a-a403-fad58022cc87",
              "title": "PUT /wines/:id",
              "fullFile": "/com.github/kjwenger/sandbox.challenge/test/wines.test.js",
              "file": "/test/wines.test.js",
              "beforeHooks": [],
              "afterHooks": [],
              "tests": [
                {
                  "title": "should update wine",
                  "fullTitle": "Wine API PUT /wines/:id should update wine",
                  "timedOut": false,
                  "duration": 2,
                  "state": "passed",
                  "speed": "fast",
                  "pass": true,
                  "fail": false,
                  "pending": false,
                  "context": null,
                  "code": "await Wine.create({ id: 1, ...sampleWines[0] });\nconst res = await request(server)\n  .put('/wines/1')\n  .send({ description: 'Updated description' });\nexpect(res.status).to.equal(200);\nexpect(res.body.id).to.equal(1);\nexpect(res.body.description).to.equal('Updated description');",
                  "err": {},
                  "uuid": "4d91863b-1fae-4a3b-8dec-fc7c14cd94a3",
                  "parentUUID": "e429cfe1-17e3-434a-a403-fad58022cc87",
                  "isHook": false,
                  "skipped": false
                },
                {
                  "title": "should update multiple fields",
                  "fullTitle": "Wine API PUT /wines/:id should update multiple fields",
                  "timedOut": false,
                  "duration": 3,
                  "state": "passed",
                  "speed": "fast",
                  "pass": true,
                  "fail": false,
                  "pending": false,
                  "context": null,
                  "code": "await Wine.create({ id: 1, ...sampleWines[0] });\nconst res = await request(server)\n  .put('/wines/1')\n  .send({ year: 2012, country: 'Italy' });\nexpect(res.status).to.equal(200);\nexpect(res.body.year).to.equal(2012);\nexpect(res.body.country).to.equal('Italy');",
                  "err": {},
                  "uuid": "e5161105-4c2a-48e1-8a44-b95e275e51d2",
                  "parentUUID": "e429cfe1-17e3-434a-a403-fad58022cc87",
                  "isHook": false,
                  "skipped": false
                },
                {
                  "title": "should return UNKNOWN_OBJECT for non-existent id",
                  "fullTitle": "Wine API PUT /wines/:id should return UNKNOWN_OBJECT for non-existent id",
                  "timedOut": false,
                  "duration": 1,
                  "state": "passed",
                  "speed": "fast",
                  "pass": true,
                  "fail": false,
                  "pending": false,
                  "context": null,
                  "code": "const res = await request(server)\n  .put('/wines/999')\n  .send({ description: 'Test' });\nexpect(res.status).to.equal(400);\nexpect(res.body.error).to.equal('UNKNOWN_OBJECT');",
                  "err": {},
                  "uuid": "95b485aa-3e39-45ae-af24-614e1282bd6d",
                  "parentUUID": "e429cfe1-17e3-434a-a403-fad58022cc87",
                  "isHook": false,
                  "skipped": false
                },
                {
                  "title": "should validate updated fields",
                  "fullTitle": "Wine API PUT /wines/:id should validate updated fields",
                  "timedOut": false,
                  "duration": 2,
                  "state": "passed",
                  "speed": "fast",
                  "pass": true,
                  "fail": false,
                  "pending": false,
                  "context": null,
                  "code": "await Wine.create({ id: 1, ...sampleWines[0] });\nconst res = await request(server)\n  .put('/wines/1')\n  .send({ type: 'sparkling' });\nexpect(res.status).to.equal(400);\nexpect(res.body.error).to.equal('VALIDATION_ERROR');\nexpect(res.body.validation.type).to.equal('INVALID');",
                  "err": {},
                  "uuid": "2c9b8249-9561-4fcd-a6c5-0bd65657efc6",
                  "parentUUID": "e429cfe1-17e3-434a-a403-fad58022cc87",
                  "isHook": false,
                  "skipped": false
                }
              ],
              "suites": [],
              "passes": [
                "4d91863b-1fae-4a3b-8dec-fc7c14cd94a3",
                "e5161105-4c2a-48e1-8a44-b95e275e51d2",
                "95b485aa-3e39-45ae-af24-614e1282bd6d",
                "2c9b8249-9561-4fcd-a6c5-0bd65657efc6"
              ],
              "failures": [],
              "pending": [],
              "skipped": [],
              "duration": 8,
              "root": false,
              "rootEmpty": false,
              "_timeout": 10000
            },
            {
              "uuid": "72534ed7-f4d0-474a-9e08-96dac543fecb",
              "title": "DELETE /wines/:id",
              "fullFile": "/com.github/kjwenger/sandbox.challenge/test/wines.test.js",
              "file": "/test/wines.test.js",
              "beforeHooks": [],
              "afterHooks": [],
              "tests": [
                {
                  "title": "should delete wine",
                  "fullTitle": "Wine API DELETE /wines/:id should delete wine",
                  "timedOut": false,
                  "duration": 3,
                  "state": "passed",
                  "speed": "fast",
                  "pass": true,
                  "fail": false,
                  "pending": false,
                  "context": null,
                  "code": "await Wine.create({ id: 1, ...sampleWines[0] });\nconst res = await request(server).delete('/wines/1');\nexpect(res.status).to.equal(200);\nexpect(res.body.success).to.equal(true);\nconst wine = await Wine.findOne({ id: 1 });\nexpect(wine).to.be.null;",
                  "err": {},
                  "uuid": "629e84d7-758d-484a-a965-27d643cb7427",
                  "parentUUID": "72534ed7-f4d0-474a-9e08-96dac543fecb",
                  "isHook": false,
                  "skipped": false
                },
                {
                  "title": "should return UNKNOWN_OBJECT for non-existent id",
                  "fullTitle": "Wine API DELETE /wines/:id should return UNKNOWN_OBJECT for non-existent id",
                  "timedOut": false,
                  "duration": 1,
                  "state": "passed",
                  "speed": "fast",
                  "pass": true,
                  "fail": false,
                  "pending": false,
                  "context": null,
                  "code": "const res = await request(server).delete('/wines/999');\nexpect(res.status).to.equal(400);\nexpect(res.body.error).to.equal('UNKNOWN_OBJECT');",
                  "err": {},
                  "uuid": "5a9549c6-4285-44be-8ad8-fde733fc77db",
                  "parentUUID": "72534ed7-f4d0-474a-9e08-96dac543fecb",
                  "isHook": false,
                  "skipped": false
                }
              ],
              "suites": [],
              "passes": [
                "629e84d7-758d-484a-a965-27d643cb7427",
                "5a9549c6-4285-44be-8ad8-fde733fc77db"
              ],
              "failures": [],
              "pending": [],
              "skipped": [],
              "duration": 4,
              "root": false,
              "rootEmpty": false,
              "_timeout": 10000
            }
          ],
          "passes": [],
          "failures": [],
          "pending": [],
          "skipped": [],
          "duration": 0,
          "root": false,
          "rootEmpty": false,
          "_timeout": 10000
        }
      ],
      "passes": [],
      "failures": [],
      "pending": [],
      "skipped": [],
      "duration": 0,
      "root": true,
      "rootEmpty": true,
      "_timeout": 10000
    }
  ],
  "meta": {
    "mocha": {
      "version": "10.8.2"
    },
    "mochawesome": {
      "options": {
        "quiet": false,
        "reportFilename": "test-report",
        "saveHtml": true,
        "saveJson": true,
        "consoleReporter": "spec",
        "useInlineDiffs": false,
        "code": true
      },
      "version": "7.1.4"
    },
    "marge": {
      "options": {
        "reportDir": "reports/test",
        "reportFilename": "test-report"
      },
      "version": "6.3.2"
    }
  }
}